<?xml version="1.0" encoding="UTF-8"?>
<!-- Generated by org.testng.reporters.JUnitReportReporter -->
<testsuite name="APITesting.com.org.api.WeatherGetRequest" tests="1" time="3.882" ignored="0" failures="0" timestamp="28 Jan 2017 23:53:53 GMT" skipped="0" hostname="Harshi" errors="0">
  <testcase name="Test_10" time="3.882" classname="APITesting.com.org.api.WeatherGetRequest"/>
</testsuite> <!-- APITesting.com.org.api.WeatherGetRequest -->
